<?xml version="1.0" ?>
<!DOCTYPE coverage SYSTEM "http://cobertura.sourceforge.net/xml/coverage-04.dtd">
<coverage lines-valid="50" lines-covered="50" line-rate="1" branches-valid="22" branches-covered="20" branch-rate="0.9091" timestamp="1675429919138" complexity="0" version="0.1">
  <sources>
    <source>/Users/thijssmudde/projects/react-headless-pagination</source>
  </sources>
  <packages>
    <class name="Pagination.tsx" filename="src/Pagination/Pagination.tsx" line-rate="1" branch-rate="0.9091">
      <methods>
        <method name="(anonymous_0)" hits="7" signature="()V">
          <lines>
            <line number="11" hits="7"/>
          </lines>
        </method>
        <method name="(anonymous_1)" hits="1" signature="()V">
          <lines>
            <line number="18" hits="1"/>
          </lines>
        </method>
        <method name="(anonymous_2)" hits="1" signature="()V">
          <lines>
            <line number="28" hits="1"/>
          </lines>
        </method>
        <method name="(anonymous_3)" hits="7" signature="()V">
          <lines>
            <line number="37" hits="7"/>
          </lines>
        </method>
        <method name="(anonymous_4)" hits="1" signature="()V">
          <lines>
            <line number="44" hits="1"/>
          </lines>
        </method>
        <method name="(anonymous_5)" hits="1" signature="()V">
          <lines>
            <line number="54" hits="1"/>
          </lines>
        </method>
        <method name="(anonymous_6)" hits="14" signature="()V">
          <lines>
            <line number="67" hits="14"/>
          </lines>
        </method>
        <method name="(anonymous_7)" hits="7" signature="()V">
          <lines>
            <line number="83" hits="7"/>
          </lines>
        </method>
        <method name="(anonymous_8)" hits="45" signature="()V">
          <lines>
            <line number="93" hits="45"/>
          </lines>
        </method>
        <method name="(anonymous_9)" hits="1" signature="()V">
          <lines>
            <line number="104" hits="1"/>
          </lines>
        </method>
        <method name="(anonymous_10)" hits="0" signature="()V">
          <lines>
            <line number="131" hits="0"/>
          </lines>
        </method>
        <method name="(anonymous_11)" hits="7" signature="()V">
          <lines>
            <line number="147" hits="7"/>
          </lines>
        </method>
      </methods>
      <lines>
        <line number="1" hits="1" branch="false"/>
        <line number="2" hits="1" branch="false"/>
        <line number="3" hits="1" branch="false"/>
        <line number="11" hits="1" branch="false"/>
        <line number="12" hits="7" branch="false"/>
        <line number="13" hits="7" branch="false"/>
        <line number="14" hits="7" branch="false"/>
        <line number="15" hits="7" branch="false"/>
        <line number="17" hits="7" branch="false"/>
        <line number="18" hits="7" branch="false"/>
        <line number="19" hits="1" branch="true" condition-coverage="50% (1/2)"/>
        <line number="20" hits="1" branch="false"/>
        <line number="24" hits="7" branch="false"/>
        <line number="28" hits="1" branch="false"/>
        <line number="37" hits="1" branch="false"/>
        <line number="38" hits="7" branch="false"/>
        <line number="39" hits="7" branch="false"/>
        <line number="40" hits="7" branch="false"/>
        <line number="41" hits="7" branch="false"/>
        <line number="43" hits="7" branch="false"/>
        <line number="44" hits="7" branch="false"/>
        <line number="45" hits="1" branch="true" condition-coverage="50% (1/2)"/>
        <line number="46" hits="1" branch="false"/>
        <line number="50" hits="7" branch="false"/>
        <line number="54" hits="1" branch="false"/>
        <line number="67" hits="14" branch="false"/>
        <line number="68" hits="14" branch="false"/>
        <line number="75" hits="56" branch="false"/>
        <line number="77" hits="14" branch="true" condition-coverage="100% (4/4)"/>
        <line number="83" hits="1" branch="false"/>
        <line number="84" hits="7" branch="true" condition-coverage="100% (2/2)"/>
        <line number="85" hits="7" branch="false"/>
        <line number="86" hits="7" branch="false"/>
        <line number="87" hits="7" branch="false"/>
        <line number="88" hits="7" branch="false"/>
        <line number="89" hits="7" branch="false"/>
        <line number="91" hits="7" branch="false"/>
        <line number="93" hits="45" branch="false"/>
        <line number="104" hits="1" branch="false"/>
        <line number="118" hits="7" branch="false"/>
        <line number="129" hits="1" branch="false"/>
        <line number="145" hits="1" branch="false"/>
        <line number="147" hits="1" branch="false"/>
        <line number="148" hits="7" branch="false"/>
        <line number="149" hits="7" branch="false"/>
        <line number="151" hits="7" branch="false"/>
        <line number="153" hits="7" branch="false"/>
        <line number="162" hits="1" branch="false"/>
        <line number="163" hits="1" branch="false"/>
        <line number="164" hits="1" branch="false"/>
      </lines>
    </class>
  </packages>
</coverage>
