{"C:\\Users\\Thijs\\projects\\react-headless-pagination\\src\\index.tsx": {"path":"C:\\Users\\Thijs\\projects\\react-headless-pagination\\src\\index.tsx","statementMap":{"0":{"start":{"line":1,"column":0},"end":{"line":1,"column":40}},"1":{"start":{"line":2,"column":0},"end":{"line":2,"column":42}}},"fnMap":{},"branchMap":{},"s":{"0":0,"1":0},"f":{},"b":{}}
,"C:\\Users\\Thijs\\projects\\react-headless-pagination\\src\\Pagination\\Pagination.tsx": {"path":"C:\\Users\\Thijs\\projects\\react-headless-pagination\\src\\Pagination\\Pagination.tsx","statementMap":{"0":{"start":{"line":1,"column":0},"end":{"line":1,"column":34}},"1":{"start":{"line":2,"column":0},"end":{"line":2,"column":36}},"2":{"start":{"line":3,"column":0},"end":{"line":3,"column":51}},"3":{"start":{"line":11,"column":43},"end":{"line":33,"column":1}},"4":{"start":{"line":12,"column":11},"end":{"line":12,"column":null}},"5":{"start":{"line":13,"column":10},"end":{"line":13,"column":null}},"6":{"start":{"line":14,"column":16},"end":{"line":15,"column":null}},"7":{"start":{"line":16,"column":34},"end":{"line":16,"column":69}},"8":{"start":{"line":17,"column":19},"end":{"line":21,"column":3}},"9":{"start":{"line":18,"column":4},"end":{"line":20,"column":null}},"10":{"start":{"line":19,"column":6},"end":{"line":19,"column":60}},"11":{"start":{"line":23,"column":2},"end":{"line":32,"column":4}},"12":{"start":{"line":27,"column":21},"end":{"line":27,"column":null}},"13":{"start":{"line":11,"column":13},"end":{"line":11,"column":43}},"14":{"start":{"line":35,"column":43},"end":{"line":57,"column":1}},"15":{"start":{"line":36,"column":11},"end":{"line":36,"column":null}},"16":{"start":{"line":37,"column":10},"end":{"line":37,"column":null}},"17":{"start":{"line":38,"column":16},"end":{"line":39,"column":null}},"18":{"start":{"line":40,"column":34},"end":{"line":40,"column":69}},"19":{"start":{"line":41,"column":15},"end":{"line":45,"column":3}},"20":{"start":{"line":42,"column":4},"end":{"line":44,"column":null}},"21":{"start":{"line":43,"column":6},"end":{"line":43,"column":60}},"22":{"start":{"line":47,"column":2},"end":{"line":56,"column":4}},"23":{"start":{"line":51,"column":21},"end":{"line":51,"column":null}},"24":{"start":{"line":35,"column":13},"end":{"line":35,"column":43}},"25":{"start":{"line":63,"column":53},"end":{"line":77,"column":1}},"26":{"start":{"line":63,"column":60},"end":{"line":63,"column":62}},"27":{"start":{"line":64,"column":34},"end":{"line":64,"column":69}},"28":{"start":{"line":71,"column":6},"end":{"line":71,"column":17}},"29":{"start":{"line":69,"column":17},"end":{"line":69,"column":null}},"30":{"start":{"line":70,"column":22},"end":{"line":70,"column":null}},"31":{"start":{"line":73,"column":2},"end":{"line":76,"column":11}},"32":{"start":{"line":79,"column":47},"end":{"line":108,"column":1}},"33":{"start":{"line":80,"column":11},"end":{"line":80,"column":null}},"34":{"start":{"line":81,"column":2},"end":{"line":81,"column":17}},"35":{"start":{"line":81,"column":17},"end":{"line":81,"column":null}},"36":{"start":{"line":82,"column":2},"end":{"line":82,"column":19}},"37":{"start":{"line":82,"column":19},"end":{"line":82,"column":null}},"38":{"start":{"line":84,"column":34},"end":{"line":84,"column":69}},"39":{"start":{"line":86,"column":27},"end":{"line":86,"column":null}},"40":{"start":{"line":86,"column":45},"end":{"line":97,"column":4}},"41":{"start":{"line":93,"column":21},"end":{"line":93,"column":null}},"42":{"start":{"line":99,"column":2},"end":{"line":107,"column":4}},"43":{"start":{"line":79,"column":13},"end":{"line":79,"column":47}},"44":{"start":{"line":110,"column":34},"end":{"line":123,"column":2}},"45":{"start":{"line":126,"column":2},"end":{"line":126,"column":35}},"46":{"start":{"line":128,"column":26},"end":{"line":138,"column":1}},"47":{"start":{"line":129,"column":21},"end":{"line":129,"column":51}},"48":{"start":{"line":131,"column":2},"end":{"line":137,"column":4}},"49":{"start":{"line":128,"column":13},"end":{"line":128,"column":26}},"50":{"start":{"line":140,"column":0},"end":{"line":140,"column":35}},"51":{"start":{"line":141,"column":0},"end":{"line":141,"column":35}},"52":{"start":{"line":142,"column":0},"end":{"line":142,"column":35}}},"fnMap":{"0":{"name":"(anonymous_0)","decl":{"start":{"line":11,"column":43},"end":{"line":11,"column":44}},"loc":{"start":{"line":15,"column":1},"end":{"line":33,"column":1}}},"1":{"name":"(anonymous_1)","decl":{"start":{"line":17,"column":19},"end":{"line":17,"column":null}},"loc":{"start":{"line":17,"column":19},"end":{"line":21,"column":3}}},"2":{"name":"(anonymous_2)","decl":{"start":{"line":27,"column":15},"end":{"line":27,"column":21}},"loc":{"start":{"line":27,"column":15},"end":{"line":27,"column":29}}},"3":{"name":"(anonymous_3)","decl":{"start":{"line":35,"column":43},"end":{"line":35,"column":44}},"loc":{"start":{"line":39,"column":1},"end":{"line":57,"column":1}}},"4":{"name":"(anonymous_4)","decl":{"start":{"line":41,"column":15},"end":{"line":41,"column":null}},"loc":{"start":{"line":41,"column":15},"end":{"line":45,"column":3}}},"5":{"name":"(anonymous_5)","decl":{"start":{"line":51,"column":15},"end":{"line":51,"column":21}},"loc":{"start":{"line":51,"column":15},"end":{"line":51,"column":25}}},"6":{"name":"(anonymous_6)","decl":{"start":{"line":63,"column":53},"end":{"line":63,"column":54}},"loc":{"start":{"line":63,"column":62},"end":{"line":77,"column":1}}},"7":{"name":"(anonymous_7)","decl":{"start":{"line":79,"column":47},"end":{"line":79,"column":48}},"loc":{"start":{"line":83,"column":1},"end":{"line":108,"column":1}}},"8":{"name":"(anonymous_8)","decl":{"start":{"line":86,"column":27},"end":{"line":86,"column":28}},"loc":{"start":{"line":86,"column":40},"end":{"line":86,"column":null}}},"9":{"name":"(anonymous_9)","decl":{"start":{"line":93,"column":15},"end":{"line":93,"column":21}},"loc":{"start":{"line":93,"column":15},"end":{"line":93,"column":31}}},"10":{"name":"(anonymous_10)","decl":{"start":{"line":112,"column":18},"end":{"line":112,"column":25}},"loc":{"start":{"line":112,"column":18},"end":{"line":112,"column":26}}},"11":{"name":"(anonymous_11)","decl":{"start":{"line":128,"column":26},"end":{"line":128,"column":27}},"loc":{"start":{"line":128,"column":60},"end":{"line":138,"column":1}}}},"branchMap":{"0":{"loc":{"start":{"line":18,"column":4},"end":{"line":20,"column":null}},"type":"if","locations":[{"start":{"line":18,"column":4},"end":{"line":20,"column":null}},{"start":{"line":18,"column":4},"end":{"line":20,"column":null}}]},"1":{"loc":{"start":{"line":42,"column":4},"end":{"line":44,"column":null}},"type":"if","locations":[{"start":{"line":42,"column":4},"end":{"line":44,"column":null}},{"start":{"line":42,"column":4},"end":{"line":44,"column":null}}]},"2":{"loc":{"start":{"line":69,"column":20},"end":{"line":69,"column":25}},"type":"cond-expr","locations":[{"start":{"line":69,"column":20},"end":{"line":69,"column":25}},{"start":{"line":69,"column":25},"end":{"line":69,"column":null}}]},"3":{"loc":{"start":{"line":70,"column":25},"end":{"line":70,"column":27}},"type":"cond-expr","locations":[{"start":{"line":70,"column":25},"end":{"line":70,"column":27}},{"start":{"line":70,"column":27},"end":{"line":70,"column":null}}]},"4":{"loc":{"start":{"line":75,"column":4},"end":{"line":75,"column":63}},"type":"cond-expr","locations":[{"start":{"line":75,"column":4},"end":{"line":75,"column":63}},{"start":{"line":76,"column":6},"end":{"line":76,"column":10}}]},"5":{"loc":{"start":{"line":73,"column":10},"end":{"line":73,"column":29}},"type":"binary-expr","locations":[{"start":{"line":73,"column":10},"end":{"line":73,"column":29}},{"start":{"line":73,"column":33},"end":{"line":73,"column":46}},{"start":{"line":74,"column":5},"end":{"line":74,"column":20}},{"start":{"line":74,"column":24},"end":{"line":74,"column":29}}]},"6":{"loc":{"start":{"line":81,"column":20},"end":{"line":81,"column":22}},"type":"cond-expr","locations":[{"start":{"line":81,"column":20},"end":{"line":81,"column":22}},{"start":{"line":81,"column":22},"end":{"line":81,"column":null}}]},"7":{"loc":{"start":{"line":82,"column":22},"end":{"line":82,"column":24}},"type":"cond-expr","locations":[{"start":{"line":82,"column":22},"end":{"line":82,"column":24}},{"start":{"line":82,"column":24},"end":{"line":82,"column":null}}]}},"s":{"0":1,"1":1,"2":1,"3":1,"4":1,"5":1,"6":1,"7":1,"8":1,"9":0,"10":0,"11":1,"12":0,"13":1,"14":1,"15":1,"16":1,"17":1,"18":1,"19":1,"20":0,"21":0,"22":1,"23":0,"24":1,"25":1,"26":2,"27":2,"28":8,"29":2,"30":2,"31":2,"32":1,"33":1,"34":1,"35":1,"36":1,"37":1,"38":1,"39":1,"40":6,"41":0,"42":1,"43":1,"44":1,"45":1,"46":1,"47":1,"48":1,"49":1,"50":1,"51":1,"52":1},"f":{"0":1,"1":0,"2":0,"3":1,"4":0,"5":0,"6":2,"7":1,"8":6,"9":0,"10":0,"11":1},"b":{"0":[0,0],"1":[0,0],"2":[0,2],"3":[0,2],"4":[1,1],"5":[2,0,2,2],"6":[0,1],"7":[0,1]}}
,"C:\\Users\\Thijs\\projects\\react-headless-pagination\\src\\hooks\\usePagination.tsx": {"path":"C:\\Users\\Thijs\\projects\\react-headless-pagination\\src\\hooks\\usePagination.tsx","statementMap":{"0":{"start":{"line":1,"column":0},"end":{"line":1,"column":26}},"1":{"start":{"line":4,"column":22},"end":{"line":96,"column":1}},"2":{"start":{"line":5,"column":13},"end":{"line":5,"column":null}},"3":{"start":{"line":6,"column":16},"end":{"line":6,"column":null}},"4":{"start":{"line":7,"column":2},"end":{"line":7,"column":15}},"5":{"start":{"line":7,"column":15},"end":{"line":7,"column":null}},"6":{"start":{"line":8,"column":2},"end":{"line":8,"column":20}},"7":{"start":{"line":8,"column":20},"end":{"line":8,"column":null}},"8":{"start":{"line":9,"column":12},"end":{"line":9,"column":null}},"9":{"start":{"line":10,"column":2},"end":{"line":10,"column":15}},"10":{"start":{"line":10,"column":15},"end":{"line":10,"column":null}},"11":{"start":{"line":11,"column":2},"end":{"line":11,"column":25}},"12":{"start":{"line":11,"column":25},"end":{"line":11,"column":null}},"13":{"start":{"line":13,"column":16},"end":{"line":15,"column":25}},"14":{"start":{"line":15,"column":19},"end":{"line":15,"column":25}},"15":{"start":{"line":17,"column":26},"end":{"line":17,"column":41}},"16":{"start":{"line":18,"column":22},"end":{"line":18,"column":46}},"17":{"start":{"line":20,"column":27},"end":{"line":20,"column":65}},"18":{"start":{"line":21,"column":26},"end":{"line":21,"column":77}},"19":{"start":{"line":23,"column":22},"end":{"line":35,"column":26}},"20":{"start":{"line":24,"column":28},"end":{"line":24,"column":59}},"21":{"start":{"line":25,"column":4},"end":{"line":27,"column":null}},"22":{"start":{"line":26,"column":6},"end":{"line":26,"column":45}},"23":{"start":{"line":28,"column":4},"end":{"line":30,"column":null}},"24":{"start":{"line":29,"column":6},"end":{"line":29,"column":43}},"25":{"start":{"line":31,"column":4},"end":{"line":34,"column":6}},"26":{"start":{"line":37,"column":30},"end":{"line":39,"column":3}},"27":{"start":{"line":38,"column":4},"end":{"line":38,"column":46}},"28":{"start":{"line":41,"column":24},"end":{"line":51,"column":26}},"29":{"start":{"line":42,"column":4},"end":{"line":44,"column":null}},"30":{"start":{"line":43,"column":6},"end":{"line":43,"column":16}},"31":{"start":{"line":45,"column":4},"end":{"line":47,"column":null}},"32":{"start":{"line":46,"column":6},"end":{"line":46,"column":16}},"33":{"start":{"line":48,"column":4},"end":{"line":50,"column":47}},"34":{"start":{"line":50,"column":21},"end":{"line":50,"column":46}},"35":{"start":{"line":53,"column":26},"end":{"line":58,"column":26}},"36":{"start":{"line":54,"column":4},"end":{"line":57,"column":6}},"37":{"start":{"line":60,"column":20},"end":{"line":70,"column":26}},"38":{"start":{"line":61,"column":4},"end":{"line":63,"column":null}},"39":{"start":{"line":62,"column":6},"end":{"line":62,"column":16}},"40":{"start":{"line":64,"column":4},"end":{"line":66,"column":null}},"41":{"start":{"line":65,"column":6},"end":{"line":65,"column":16}},"42":{"start":{"line":67,"column":4},"end":{"line":69,"column":47}},"43":{"start":{"line":69,"column":21},"end":{"line":69,"column":46}},"44":{"start":{"line":72,"column":30},"end":{"line":75,"column":34}},"45":{"start":{"line":74,"column":4},"end":{"line":74,"column":72}},"46":{"start":{"line":77,"column":26},"end":{"line":80,"column":30}},"47":{"start":{"line":79,"column":4},"end":{"line":79,"column":66}},"48":{"start":{"line":82,"column":2},"end":{"line":95,"column":4}},"49":{"start":{"line":98,"column":0},"end":{"line":98,"column":29}}},"fnMap":{"0":{"name":"(anonymous_0)","decl":{"start":{"line":4,"column":22},"end":{"line":4,"column":23}},"loc":{"start":{"line":12,"column":19},"end":{"line":96,"column":1}}},"1":{"name":"(anonymous_1)","decl":{"start":{"line":15,"column":9},"end":{"line":15,"column":10}},"loc":{"start":{"line":15,"column":14},"end":{"line":15,"column":20}}},"2":{"name":"(anonymous_2)","decl":{"start":{"line":23,"column":36},"end":{"line":23,"column":null}},"loc":{"start":{"line":23,"column":36},"end":{"line":35,"column":3}}},"3":{"name":"(anonymous_3)","decl":{"start":{"line":37,"column":30},"end":{"line":37,"column":null}},"loc":{"start":{"line":37,"column":30},"end":{"line":39,"column":3}}},"4":{"name":"(anonymous_4)","decl":{"start":{"line":41,"column":38},"end":{"line":41,"column":null}},"loc":{"start":{"line":41,"column":38},"end":{"line":51,"column":3}}},"5":{"name":"(anonymous_5)","decl":{"start":{"line":50,"column":14},"end":{"line":50,"column":15}},"loc":{"start":{"line":50,"column":16},"end":{"line":50,"column":22}}},"6":{"name":"(anonymous_6)","decl":{"start":{"line":53,"column":40},"end":{"line":53,"column":null}},"loc":{"start":{"line":53,"column":40},"end":{"line":58,"column":3}}},"7":{"name":"(anonymous_7)","decl":{"start":{"line":60,"column":34},"end":{"line":60,"column":null}},"loc":{"start":{"line":60,"column":34},"end":{"line":70,"column":3}}},"8":{"name":"(anonymous_8)","decl":{"start":{"line":69,"column":14},"end":{"line":69,"column":15}},"loc":{"start":{"line":69,"column":16},"end":{"line":69,"column":22}}},"9":{"name":"(anonymous_9)","decl":{"start":{"line":72,"column":44},"end":{"line":72,"column":null}},"loc":{"start":{"line":72,"column":44},"end":{"line":75,"column":3}}},"10":{"name":"(anonymous_10)","decl":{"start":{"line":77,"column":40},"end":{"line":77,"column":null}},"loc":{"start":{"line":77,"column":40},"end":{"line":80,"column":3}}}},"branchMap":{"0":{"loc":{"start":{"line":7,"column":18},"end":{"line":7,"column":23}},"type":"cond-expr","locations":[{"start":{"line":7,"column":18},"end":{"line":7,"column":23}},{"start":{"line":7,"column":23},"end":{"line":7,"column":null}}]},"1":{"loc":{"start":{"line":8,"column":23},"end":{"line":8,"column":25}},"type":"cond-expr","locations":[{"start":{"line":8,"column":23},"end":{"line":8,"column":25}},{"start":{"line":8,"column":25},"end":{"line":8,"column":null}}]},"2":{"loc":{"start":{"line":10,"column":18},"end":{"line":10,"column":19}},"type":"cond-expr","locations":[{"start":{"line":10,"column":18},"end":{"line":10,"column":19}},{"start":{"line":10,"column":19},"end":{"line":10,"column":null}}]},"3":{"loc":{"start":{"line":11,"column":28},"end":{"line":11,"column":29}},"type":"cond-expr","locations":[{"start":{"line":11,"column":28},"end":{"line":11,"column":29}},{"start":{"line":11,"column":29},"end":{"line":11,"column":null}}]},"4":{"loc":{"start":{"line":25,"column":4},"end":{"line":27,"column":null}},"type":"if","locations":[{"start":{"line":25,"column":4},"end":{"line":27,"column":null}},{"start":{"line":25,"column":4},"end":{"line":27,"column":null}}]},"5":{"loc":{"start":{"line":28,"column":4},"end":{"line":30,"column":null}},"type":"if","locations":[{"start":{"line":28,"column":4},"end":{"line":30,"column":null}},{"start":{"line":28,"column":4},"end":{"line":30,"column":null}}]},"6":{"loc":{"start":{"line":42,"column":4},"end":{"line":44,"column":null}},"type":"if","locations":[{"start":{"line":42,"column":4},"end":{"line":44,"column":null}},{"start":{"line":42,"column":4},"end":{"line":44,"column":null}}]},"7":{"loc":{"start":{"line":45,"column":4},"end":{"line":47,"column":null}},"type":"if","locations":[{"start":{"line":45,"column":4},"end":{"line":47,"column":null}},{"start":{"line":45,"column":4},"end":{"line":47,"column":null}}]},"8":{"loc":{"start":{"line":61,"column":4},"end":{"line":63,"column":null}},"type":"if","locations":[{"start":{"line":61,"column":4},"end":{"line":63,"column":null}},{"start":{"line":61,"column":4},"end":{"line":63,"column":null}}]},"9":{"loc":{"start":{"line":64,"column":4},"end":{"line":66,"column":null}},"type":"if","locations":[{"start":{"line":64,"column":4},"end":{"line":66,"column":null}},{"start":{"line":64,"column":4},"end":{"line":66,"column":null}}]}},"s":{"0":2,"1":2,"2":9,"3":9,"4":9,"5":9,"6":9,"7":9,"8":9,"9":9,"10":9,"11":9,"12":9,"13":9,"14":1242,"15":9,"16":9,"17":9,"18":9,"19":9,"20":9,"21":9,"22":4,"23":5,"24":1,"25":4,"26":9,"27":5,"28":9,"29":9,"30":4,"31":5,"32":0,"33":5,"34":13,"35":9,"36":9,"37":9,"38":9,"39":2,"40":7,"41":1,"42":6,"43":14,"44":9,"45":9,"46":9,"47":9,"48":9,"49":2},"f":{"0":9,"1":1242,"2":9,"3":5,"4":9,"5":13,"6":9,"7":9,"8":14,"9":9,"10":9},"b":{"0":[8,1],"1":[8,1],"2":[0,9],"3":[0,9],"4":[4,5],"5":[1,4],"6":[4,5],"7":[0,5],"8":[2,7],"9":[1,6]}}
}
