TN:
SF:src\index.tsx
FNF:0
FNH:0
DA:1,0
DA:2,0
LF:2
LH:0
BRF:0
BRH:0
end_of_record
TN:
SF:src\Pagination\Pagination.tsx
FN:11,(anonymous_0)
FN:17,(anonymous_1)
FN:27,(anonymous_2)
FN:35,(anonymous_3)
FN:41,(anonymous_4)
FN:51,(anonymous_5)
FN:63,(anonymous_6)
FN:79,(anonymous_7)
FN:86,(anonymous_8)
FN:93,(anonymous_9)
FN:112,(anonymous_10)
FN:128,(anonymous_11)
FNF:12
FNH:6
FNDA:1,(anonymous_0)
FNDA:0,(anonymous_1)
FNDA:0,(anonymous_2)
FNDA:1,(anonymous_3)
FNDA:0,(anonymous_4)
FNDA:0,(anonymous_5)
FNDA:2,(anonymous_6)
FNDA:1,(anonymous_7)
FNDA:6,(anonymous_8)
FNDA:0,(anonymous_9)
FNDA:0,(anonymous_10)
FNDA:1,(anonymous_11)
DA:1,1
DA:2,1
DA:3,1
DA:11,1
DA:12,1
DA:13,1
DA:14,1
DA:16,1
DA:17,1
DA:18,0
DA:19,0
DA:23,1
DA:27,0
DA:35,1
DA:36,1
DA:37,1
DA:38,1
DA:40,1
DA:41,1
DA:42,0
DA:43,0
DA:47,1
DA:51,0
DA:63,2
DA:64,2
DA:69,2
DA:70,2
DA:71,8
DA:73,2
DA:79,1
DA:80,1
DA:81,1
DA:82,1
DA:84,1
DA:86,6
DA:93,0
DA:99,1
DA:110,1
DA:126,1
DA:128,1
DA:129,1
DA:131,1
DA:140,1
DA:141,1
DA:142,1
LF:45
LH:38
BRDA:18,0,0,0
BRDA:18,0,1,0
BRDA:42,1,0,0
BRDA:42,1,1,0
BRDA:69,2,0,0
BRDA:69,2,1,2
BRDA:70,3,0,0
BRDA:70,3,1,2
BRDA:75,4,0,1
BRDA:75,4,1,1
BRDA:73,5,0,2
BRDA:73,5,1,0
BRDA:73,5,2,2
BRDA:73,5,3,2
BRDA:81,6,0,0
BRDA:81,6,1,1
BRDA:82,7,0,0
BRDA:82,7,1,1
BRF:18
BRH:9
end_of_record
TN:
SF:src\hooks\usePagination.tsx
FN:4,(anonymous_0)
FN:15,(anonymous_1)
FN:23,(anonymous_2)
FN:37,(anonymous_3)
FN:41,(anonymous_4)
FN:50,(anonymous_5)
FN:53,(anonymous_6)
FN:60,(anonymous_7)
FN:69,(anonymous_8)
FN:72,(anonymous_9)
FN:77,(anonymous_10)
FNF:11
FNH:11
FNDA:9,(anonymous_0)
FNDA:1242,(anonymous_1)
FNDA:9,(anonymous_2)
FNDA:5,(anonymous_3)
FNDA:9,(anonymous_4)
FNDA:13,(anonymous_5)
FNDA:9,(anonymous_6)
FNDA:9,(anonymous_7)
FNDA:14,(anonymous_8)
FNDA:9,(anonymous_9)
FNDA:9,(anonymous_10)
DA:1,2
DA:4,2
DA:5,9
DA:6,9
DA:7,9
DA:8,9
DA:9,9
DA:10,9
DA:11,9
DA:13,9
DA:15,1242
DA:17,9
DA:18,9
DA:20,9
DA:21,9
DA:23,9
DA:24,9
DA:25,9
DA:26,4
DA:28,5
DA:29,1
DA:31,4
DA:37,9
DA:38,5
DA:41,9
DA:42,9
DA:43,4
DA:45,5
DA:46,0
DA:48,5
DA:50,13
DA:53,9
DA:54,9
DA:60,9
DA:61,9
DA:62,2
DA:64,7
DA:65,1
DA:67,6
DA:69,14
DA:72,9
DA:74,9
DA:77,9
DA:79,9
DA:82,9
DA:98,2
LF:46
LH:45
BRDA:7,0,0,8
BRDA:7,0,1,1
BRDA:8,1,0,8
BRDA:8,1,1,1
BRDA:10,2,0,0
BRDA:10,2,1,9
BRDA:11,3,0,0
BRDA:11,3,1,9
BRDA:25,4,0,4
BRDA:25,4,1,5
BRDA:28,5,0,1
BRDA:28,5,1,4
BRDA:42,6,0,4
BRDA:42,6,1,5
BRDA:45,7,0,0
BRDA:45,7,1,5
BRDA:61,8,0,2
BRDA:61,8,1,7
BRDA:64,9,0,1
BRDA:64,9,1,6
BRF:20
BRH:17
end_of_record
